Started GET "/" for 127.0.0.1 at 2023-07-05 11:56:47 +0800
Processing by Rails::WelcomeController#index as HTML
  Rendering /Users/chihjouhuang/.rvm/gems/ruby-3.0.0/gems/railties-7.0.6/lib/rails/templates/rails/welcome/index.html.erb
  Rendered /Users/chihjouhuang/.rvm/gems/ruby-3.0.0/gems/railties-7.0.6/lib/rails/templates/rails/welcome/index.html.erb (Duration: 2.3ms | Allocations: 839)
Completed 200 OK in 29ms (Views: 8.9ms | ActiveRecord: 0.0ms | Allocations: 10015)


Started GET "/" for 127.0.0.1 at 2023-07-05 14:05:00 +0800
Processing by HomeController#index as HTML
  Rendering layout layouts/application.html.erb
  Rendering home/index.html.erb within layouts/application
  Rendered home/index.html.erb within layouts/application (Duration: 0.4ms | Allocations: 108)
  Rendered layout layouts/application.html.erb (Duration: 784.4ms | Allocations: 103844)
Completed 200 OK in 788ms (Views: 786.7ms | Allocations: 104832)


Started GET "/" for 127.0.0.1 at 2023-07-05 14:05:13 +0800
Processing by HomeController#index as HTML
  Rendering layout layouts/application.html.erb
  Rendering home/index.html.erb within layouts/application
  Rendered home/index.html.erb within layouts/application (Duration: 0.6ms | Allocations: 116)
  Rendered layout layouts/application.html.erb (Duration: 72.2ms | Allocations: 16017)
Completed 200 OK in 78ms (Views: 75.3ms | Allocations: 17138)


Started GET "/" for 127.0.0.1 at 2023-07-05 14:24:32 +0800
Processing by HomeController#index as HTML
  Rendering layout layouts/application.html.erb
  Rendering home/index.html.erb within layouts/application
  Rendered home/index.html.erb within layouts/application (Duration: 1.2ms | Allocations: 114)
  Rendered layout layouts/application.html.erb (Duration: 12.8ms | Allocations: 3083)
Completed 200 OK in 20ms (Views: 18.2ms | Allocations: 4170)


Started GET "/" for 127.0.0.1 at 2023-07-05 14:35:16 +0800
Processing by HomeController#index as HTML
  Rendering layout layouts/application.html.erb
  Rendering home/index.html.erb within layouts/application
  Rendered home/index.html.erb within layouts/application (Duration: 0.9ms | Allocations: 110)
  Rendered layout layouts/application.html.erb (Duration: 10.5ms | Allocations: 3060)
Completed 200 OK in 15ms (Views: 13.2ms | Allocations: 4144)


Started GET "/" for 127.0.0.1 at 2023-07-05 14:36:44 +0800
Processing by HomeController#index as HTML
  Rendering layout layouts/application.html.erb
  Rendering home/index.html.erb within layouts/application
  Rendered home/index.html.erb within layouts/application (Duration: 0.5ms | Allocations: 110)
  Rendered layout layouts/application.html.erb (Duration: 8.4ms | Allocations: 3074)
Completed 200 OK in 13ms (Views: 11.3ms | Allocations: 4163)


Started GET "/" for 127.0.0.1 at 2023-07-05 14:37:42 +0800
Processing by HomeController#index as HTML
  Rendering layout layouts/application.html.erb
  Rendering home/index.html.erb within layouts/application
  Rendered home/index.html.erb within layouts/application (Duration: 0.9ms | Allocations: 110)
  Rendered layout layouts/application.html.erb (Duration: 9.0ms | Allocations: 3083)
Completed 200 OK in 15ms (Views: 11.4ms | Allocations: 4172)


Started GET "/" for 127.0.0.1 at 2023-07-05 14:49:34 +0800
Processing by HomeController#index as HTML
  Rendering layout layouts/application.html.erb
  Rendering home/index.html.erb within layouts/application
  Rendered home/index.html.erb within layouts/application (Duration: 1.5ms | Allocations: 112)
  Rendered layout layouts/application.html.erb (Duration: 53.4ms | Allocations: 5081)
Completed 200 OK in 76ms (Views: 70.4ms | Allocations: 6165)


Started GET "/" for 127.0.0.1 at 2023-07-05 14:55:32 +0800
Processing by HomeController#index as HTML
  Rendering layout layouts/application.html.erb
  Rendering home/index.html.erb within layouts/application
  Rendered home/index.html.erb within layouts/application (Duration: 0.5ms | Allocations: 111)
  Rendered layout layouts/application.html.erb (Duration: 28.8ms | Allocations: 16086)
Completed 200 OK in 32ms (Views: 30.9ms | Allocations: 17200)


Started GET "/first" for 127.0.0.1 at 2023-07-05 14:55:36 +0800
  
AbstractController::ActionNotFound (The action 'first' could not be found for HomeController):
  
actionpack (7.0.6) lib/abstract_controller/base.rb:146:in `process'
actionview (7.0.6) lib/action_view/rendering.rb:39:in `process'
actionpack (7.0.6) lib/action_controller/metal.rb:188:in `dispatch'
actionpack (7.0.6) lib/action_controller/metal.rb:251:in `dispatch'
actionpack (7.0.6) lib/action_dispatch/routing/route_set.rb:49:in `dispatch'
actionpack (7.0.6) lib/action_dispatch/routing/route_set.rb:32:in `serve'
actionpack (7.0.6) lib/action_dispatch/journey/router.rb:50:in `block in serve'
actionpack (7.0.6) lib/action_dispatch/journey/router.rb:32:in `each'
actionpack (7.0.6) lib/action_dispatch/journey/router.rb:32:in `serve'
actionpack (7.0.6) lib/action_dispatch/routing/route_set.rb:852:in `call'
rack (2.2.7) lib/rack/tempfile_reaper.rb:15:in `call'
rack (2.2.7) lib/rack/etag.rb:27:in `call'
rack (2.2.7) lib/rack/conditional_get.rb:27:in `call'
rack (2.2.7) lib/rack/head.rb:12:in `call'
actionpack (7.0.6) lib/action_dispatch/http/permissions_policy.rb:38:in `call'
actionpack (7.0.6) lib/action_dispatch/http/content_security_policy.rb:36:in `call'
rack (2.2.7) lib/rack/session/abstract/id.rb:266:in `context'
rack (2.2.7) lib/rack/session/abstract/id.rb:260:in `call'
actionpack (7.0.6) lib/action_dispatch/middleware/cookies.rb:704:in `call'
activerecord (7.0.6) lib/active_record/migration.rb:603:in `call'
actionpack (7.0.6) lib/action_dispatch/middleware/callbacks.rb:27:in `block in call'
activesupport (7.0.6) lib/active_support/callbacks.rb:99:in `run_callbacks'
actionpack (7.0.6) lib/action_dispatch/middleware/callbacks.rb:26:in `call'
actionpack (7.0.6) lib/action_dispatch/middleware/executor.rb:14:in `call'
actionpack (7.0.6) lib/action_dispatch/middleware/actionable_exceptions.rb:17:in `call'
actionpack (7.0.6) lib/action_dispatch/middleware/debug_exceptions.rb:28:in `call'
web-console (4.2.0) lib/web_console/middleware.rb:132:in `call_app'
web-console (4.2.0) lib/web_console/middleware.rb:28:in `block in call'
web-console (4.2.0) lib/web_console/middleware.rb:17:in `catch'
web-console (4.2.0) lib/web_console/middleware.rb:17:in `call'
actionpack (7.0.6) lib/action_dispatch/middleware/show_exceptions.rb:29:in `call'
railties (7.0.6) lib/rails/rack/logger.rb:40:in `call_app'
railties (7.0.6) lib/rails/rack/logger.rb:25:in `block in call'
activesupport (7.0.6) lib/active_support/tagged_logging.rb:99:in `block in tagged'
activesupport (7.0.6) lib/active_support/tagged_logging.rb:37:in `tagged'
activesupport (7.0.6) lib/active_support/tagged_logging.rb:99:in `tagged'
railties (7.0.6) lib/rails/rack/logger.rb:25:in `call'
sprockets-rails (3.4.2) lib/sprockets/rails/quiet_assets.rb:13:in `call'
actionpack (7.0.6) lib/action_dispatch/middleware/remote_ip.rb:93:in `call'
actionpack (7.0.6) lib/action_dispatch/middleware/request_id.rb:26:in `call'
rack (2.2.7) lib/rack/method_override.rb:24:in `call'
rack (2.2.7) lib/rack/runtime.rb:22:in `call'
activesupport (7.0.6) lib/active_support/cache/strategy/local_cache_middleware.rb:29:in `call'
actionpack (7.0.6) lib/action_dispatch/middleware/server_timing.rb:61:in `block in call'
actionpack (7.0.6) lib/action_dispatch/middleware/server_timing.rb:26:in `collect_events'
actionpack (7.0.6) lib/action_dispatch/middleware/server_timing.rb:60:in `call'
actionpack (7.0.6) lib/action_dispatch/middleware/executor.rb:14:in `call'
actionpack (7.0.6) lib/action_dispatch/middleware/static.rb:23:in `call'
rack (2.2.7) lib/rack/sendfile.rb:110:in `call'
actionpack (7.0.6) lib/action_dispatch/middleware/host_authorization.rb:137:in `call'
railties (7.0.6) lib/rails/engine.rb:530:in `call'
puma (5.6.6) lib/puma/configuration.rb:252:in `call'
puma (5.6.6) lib/puma/request.rb:77:in `block in handle_request'
puma (5.6.6) lib/puma/thread_pool.rb:340:in `with_force_shutdown'
puma (5.6.6) lib/puma/request.rb:76:in `handle_request'
puma (5.6.6) lib/puma/server.rb:443:in `process_client'
puma (5.6.6) lib/puma/thread_pool.rb:147:in `block in spawn_thread'
Started GET "/first" for 127.0.0.1 at 2023-07-05 14:56:23 +0800
Processing by HomeController#first as HTML
  Rendering layout layouts/application.html.erb
  Rendering home/first.html.erb within layouts/application
  Rendered home/first.html.erb within layouts/application (Duration: 0.5ms | Allocations: 104)
  Rendered layout layouts/application.html.erb (Duration: 5.0ms | Allocations: 3092)
Completed 200 OK in 8ms (Views: 7.6ms | Allocations: 3990)


Started GET "/first" for 127.0.0.1 at 2023-07-05 14:56:37 +0800
Processing by HomeController#first as HTML
  Rendering layout layouts/application.html.erb
  Rendering home/first.html.erb within layouts/application
  Rendered home/first.html.erb within layouts/application (Duration: 0.5ms | Allocations: 111)
  Rendered layout layouts/application.html.erb (Duration: 4.2ms | Allocations: 3065)
Completed 200 OK in 7ms (Views: 6.1ms | Allocations: 3964)


Started GET "/first" for 127.0.0.1 at 2023-07-05 14:57:53 +0800
Processing by HomeController#first as HTML
  Rendering layout layouts/application.html.erb
  Rendering home/first.html.erb within layouts/application
  Rendered home/first.html.erb within layouts/application (Duration: 0.0ms | Allocations: 9)
  Rendered layout layouts/application.html.erb (Duration: 12.6ms | Allocations: 15756)
Completed 200 OK in 15ms (Views: 14.3ms | Allocations: 16492)


Started GET "/second" for 127.0.0.1 at 2023-07-05 15:03:01 +0800
  
ActionController::RoutingError (No route matches [GET] "/second"):
  
Started GET "/second" for 127.0.0.1 at 2023-07-05 15:03:25 +0800
Processing by HomeController#second as HTML
  Rendering layout layouts/application.html.erb
  Rendering home/second.html.erb within layouts/application
  Rendered home/second.html.erb within layouts/application (Duration: 0.3ms | Allocations: 112)
  Rendered layout layouts/application.html.erb (Duration: 13.8ms | Allocations: 16129)
Completed 200 OK in 16ms (Views: 15.3ms | Allocations: 17249)


Started GET "/second" for 127.0.0.1 at 2023-07-05 15:04:38 +0800
Processing by HomeController#second as HTML
  Rendering layout layouts/application.html.erb
  Rendering home/second.html.erb within layouts/application
  Rendered home/second.html.erb within layouts/application (Duration: 0.6ms | Allocations: 110)
  Rendered layout layouts/application.html.erb (Duration: 5.3ms | Allocations: 3071)
Completed 200 OK in 10ms (Views: 8.0ms | Allocations: 4154)


Started GET "/" for 127.0.0.1 at 2023-07-05 15:04:40 +0800
Processing by HomeController#index as HTML
  Rendering layout layouts/application.html.erb
  Rendering home/index.html.erb within layouts/application
  Rendered home/index.html.erb within layouts/application (Duration: 0.5ms | Allocations: 115)
  Rendered layout layouts/application.html.erb (Duration: 5.4ms | Allocations: 3081)
Completed 200 OK in 9ms (Views: 7.2ms | Allocations: 4165)


Started GET "/" for 127.0.0.1 at 2023-07-05 15:04:54 +0800
Processing by HomeController#index as HTML
  Rendering layout layouts/application.html.erb
  Rendering home/index.html.erb within layouts/application
  Rendered home/index.html.erb within layouts/application (Duration: 0.5ms | Allocations: 115)
  Rendered layout layouts/application.html.erb (Duration: 6.0ms | Allocations: 3073)
Completed 200 OK in 10ms (Views: 8.2ms | Allocations: 4157)


Started GET "/" for 127.0.0.1 at 2023-07-05 15:04:56 +0800
Processing by HomeController#index as HTML
  Rendering layout layouts/application.html.erb
  Rendering home/index.html.erb within layouts/application
  Rendered home/index.html.erb within layouts/application (Duration: 0.0ms | Allocations: 7)
  Rendered layout layouts/application.html.erb (Duration: 5.4ms | Allocations: 2658)
Completed 200 OK in 7ms (Views: 6.2ms | Allocations: 2968)


Started GET "/" for 127.0.0.1 at 2023-07-05 15:05:10 +0800
Processing by HomeController#index as HTML
  Rendering layout layouts/application.html.erb
  Rendering home/index.html.erb within layouts/application
  Rendered home/index.html.erb within layouts/application (Duration: 0.5ms | Allocations: 115)
  Rendered layout layouts/application.html.erb (Duration: 6.5ms | Allocations: 3081)
Completed 200 OK in 10ms (Views: 9.1ms | Allocations: 4164)


Started GET "/first" for 127.0.0.1 at 2023-07-05 15:05:11 +0800
Processing by HomeController#first as HTML
  Rendering layout layouts/application.html.erb
  Rendering home/first.html.erb within layouts/application
  Rendered home/first.html.erb within layouts/application (Duration: 0.4ms | Allocations: 106)
  Rendered layout layouts/application.html.erb (Duration: 5.3ms | Allocations: 2752)
Completed 200 OK in 7ms (Views: 5.8ms | Allocations: 3120)


Started GET "/first" for 127.0.0.1 at 2023-07-05 15:06:19 +0800
Processing by HomeController#first as HTML
  Rendering layout layouts/application.html.erb
  Rendering home/first.html.erb within layouts/application
  Rendered home/first.html.erb within layouts/application (Duration: 0.3ms | Allocations: 110)
  Rendered layout layouts/application.html.erb (Duration: 3.9ms | Allocations: 3073)
Completed 200 OK in 8ms (Views: 6.2ms | Allocations: 4156)


Started GET "/first" for 127.0.0.1 at 2023-07-05 15:06:19 +0800
Processing by HomeController#first as HTML
  Rendering layout layouts/application.html.erb
  Rendering home/first.html.erb within layouts/application
  Rendered home/first.html.erb within layouts/application (Duration: 0.8ms | Allocations: 110)
  Rendered layout layouts/application.html.erb (Duration: 8.7ms | Allocations: 3077)
Completed 200 OK in 13ms (Views: 12.0ms | Allocations: 4161)


Started GET "/" for 127.0.0.1 at 2023-07-05 15:06:24 +0800
Processing by HomeController#index as HTML
  Rendering layout layouts/application.html.erb
  Rendering home/index.html.erb within layouts/application
  Rendered home/index.html.erb within layouts/application (Duration: 0.7ms | Allocations: 114)
  Rendered layout layouts/application.html.erb (Duration: 4.3ms | Allocations: 2759)
Completed 200 OK in 6ms (Views: 4.8ms | Allocations: 3125)


Started GET "/first.html.erb" for 127.0.0.1 at 2023-07-05 15:06:25 +0800
  
ActionController::RoutingError (No route matches [GET] "/first.html.erb"):
  
Started GET "/second.html.erb" for 127.0.0.1 at 2023-07-05 15:06:28 +0800
  
ActionController::RoutingError (No route matches [GET] "/second.html.erb"):
  
Started GET "/first.html.erb" for 127.0.0.1 at 2023-07-05 15:06:58 +0800
  
ActionController::RoutingError (No route matches [GET] "/first.html.erb"):
  
Started GET "/first.html.erb" for 127.0.0.1 at 2023-07-05 15:07:33 +0800
  
ActionController::RoutingError (No route matches [GET] "/first.html.erb"):
  
Started GET "/" for 127.0.0.1 at 2023-07-05 15:07:35 +0800
Processing by HomeController#index as HTML
  Rendering layout layouts/application.html.erb
  Rendering home/index.html.erb within layouts/application
  Rendered home/index.html.erb within layouts/application (Duration: 0.8ms | Allocations: 118)
  Rendered layout layouts/application.html.erb (Duration: 5.7ms | Allocations: 3078)
Completed 200 OK in 10ms (Views: 8.6ms | Allocations: 4115)


Started GET "/first.html.erb" for 127.0.0.1 at 2023-07-05 15:07:36 +0800
  
ActionController::RoutingError (No route matches [GET] "/first.html.erb"):
  
Started GET "/second.html.erb" for 127.0.0.1 at 2023-07-05 15:07:38 +0800
  
ActionController::RoutingError (No route matches [GET] "/second.html.erb"):
  
Started GET "/second.html.erb" for 127.0.0.1 at 2023-07-05 15:07:57 +0800
  
ActionController::RoutingError (No route matches [GET] "/second.html.erb"):
  
Started GET "/" for 127.0.0.1 at 2023-07-05 15:08:02 +0800
Processing by HomeController#index as HTML
  Rendering layout layouts/application.html.erb
  Rendering home/index.html.erb within layouts/application
  Rendered home/index.html.erb within layouts/application (Duration: 0.6ms | Allocations: 118)
  Rendered layout layouts/application.html.erb (Duration: 12.3ms | Allocations: 3105)
Completed 200 OK in 18ms (Views: 15.5ms | Allocations: 4190)


Started GET "/first_path" for 127.0.0.1 at 2023-07-05 15:08:03 +0800
  
ActionController::RoutingError (No route matches [GET] "/first_path"):
  
Started GET "/" for 127.0.0.1 at 2023-07-05 15:08:05 +0800
Processing by HomeController#index as HTML
  Rendering layout layouts/application.html.erb
  Rendering home/index.html.erb within layouts/application
  Rendered home/index.html.erb within layouts/application (Duration: 0.1ms | Allocations: 7)
  Rendered layout layouts/application.html.erb (Duration: 3.8ms | Allocations: 2656)
Completed 200 OK in 6ms (Views: 4.5ms | Allocations: 2966)


Started GET "/second.html.erb" for 127.0.0.1 at 2023-07-05 15:08:06 +0800
  
ActionController::RoutingError (No route matches [GET] "/second.html.erb"):
  
Started GET "/" for 127.0.0.1 at 2023-07-05 15:08:20 +0800
Processing by HomeController#index as HTML
  Rendering layout layouts/application.html.erb
  Rendering home/index.html.erb within layouts/application
  Rendered home/index.html.erb within layouts/application (Duration: 0.6ms | Allocations: 118)
  Rendered layout layouts/application.html.erb (Duration: 5.6ms | Allocations: 3084)
Completed 200 OK in 10ms (Views: 8.4ms | Allocations: 4167)


Started GET "/first" for 127.0.0.1 at 2023-07-05 15:08:20 +0800
Processing by HomeController#first as HTML
  Rendering layout layouts/application.html.erb
  Rendering home/first.html.erb within layouts/application
  Rendered home/first.html.erb within layouts/application (Duration: 0.4ms | Allocations: 106)
  Rendered layout layouts/application.html.erb (Duration: 4.6ms | Allocations: 2760)
Completed 200 OK in 6ms (Views: 5.1ms | Allocations: 3128)


Started GET "/second" for 127.0.0.1 at 2023-07-05 15:08:22 +0800
Processing by HomeController#second as HTML
  Rendering layout layouts/application.html.erb
  Rendering home/second.html.erb within layouts/application
  Rendered home/second.html.erb within layouts/application (Duration: 0.5ms | Allocations: 107)
  Rendered layout layouts/application.html.erb (Duration: 4.1ms | Allocations: 2765)
Completed 200 OK in 6ms (Views: 4.7ms | Allocations: 3133)


Started GET "/first" for 127.0.0.1 at 2023-07-05 15:08:41 +0800
Processing by HomeController#first as HTML
  Rendering layout layouts/application.html.erb
  Rendering home/first.html.erb within layouts/application
  Rendered home/first.html.erb within layouts/application (Duration: 0.0ms | Allocations: 7)
  Rendered layout layouts/application.html.erb (Duration: 5.3ms | Allocations: 2663)
Completed 200 OK in 7ms (Views: 6.1ms | Allocations: 2974)


Started GET "/first" for 127.0.0.1 at 2023-07-05 15:14:18 +0800
Processing by HomeController#first as HTML
  Rendering layout layouts/application.html.erb
  Rendering home/first.html.erb within layouts/application
  Rendered home/first.html.erb within layouts/application (Duration: 0.4ms | Allocations: 110)
  Rendered layout layouts/application.html.erb (Duration: 5.7ms | Allocations: 3065)
Completed 200 OK in 9ms (Views: 7.7ms | Allocations: 4148)


Started GET "/" for 127.0.0.1 at 2023-07-05 15:14:19 +0800
Processing by HomeController#index as HTML
  Rendering layout layouts/application.html.erb
  Rendering home/index.html.erb within layouts/application
  Rendered home/index.html.erb within layouts/application (Duration: 0.5ms | Allocations: 174)
  Rendered layout layouts/application.html.erb (Duration: 7.8ms | Allocations: 3141)
Completed 200 OK in 13ms (Views: 10.9ms | Allocations: 4225)


Started GET "/" for 127.0.0.1 at 2023-07-05 15:14:54 +0800
Processing by HomeController#index as HTML
  Rendering layout layouts/application.html.erb
  Rendering home/index.html.erb within layouts/application
  Rendered home/index.html.erb within layouts/application (Duration: 0.8ms | Allocations: 172)
  Rendered layout layouts/application.html.erb (Duration: 5.1ms | Allocations: 3135)
Completed 200 OK in 10ms (Views: 7.7ms | Allocations: 4219)


Started GET "/" for 127.0.0.1 at 2023-07-05 15:15:04 +0800
Processing by HomeController#index as HTML
  Rendering layout layouts/application.html.erb
  Rendering home/index.html.erb within layouts/application
  Rendered home/index.html.erb within layouts/application (Duration: 0.5ms | Allocations: 169)
  Rendered layout layouts/application.html.erb (Duration: 4.4ms | Allocations: 3134)
Completed 200 OK in 7ms (Views: 6.0ms | Allocations: 4218)


Started GET "/first" for 127.0.0.1 at 2023-07-05 15:15:14 +0800
Processing by HomeController#first as HTML
  Rendering layout layouts/application.html.erb
  Rendering home/first.html.erb within layouts/application
  Rendered home/first.html.erb within layouts/application (Duration: 0.9ms | Allocations: 106)
  Rendered layout layouts/application.html.erb (Duration: 6.8ms | Allocations: 2750)
Completed 200 OK in 8ms (Views: 7.4ms | Allocations: 3118)


